<?xml version="1.0" encoding="UTF-8" ?>
<testsuite tests="1" failures="1" name="Syntax.SyntaxTest" time="0.007" errors="0" skipped="0">
  <properties>
[...]
</properties>
  <testcase classname="Syntax.SyntaxTest" name="Syntax.SyntaxTest.testSyntax" time="0.007">
    <failure message="The test case is a prototype." type="org.opentest4j.AssertionFailedError">org.opentest4j.AssertionFailedError: The test case is a prototype.
	at org.junit.jupiter.api.AssertionUtils.fail(AssertionUtils.java:39)
	at org.junit.jupiter.api.Assertions.fail(Assertions.java:109)
	at Syntax.SyntaxTest.testSyntax(SyntaxTest.java:50)
</failure>
    <system-out>Syntax
</system-out>
  </testcase>
</testsuite>